<?xml version="1.0" encoding="UTF-8"?>
<testsuite xmlns:xsi="http://www.w3.org/2001/XMLSchema-instance" xsi:schemaLocation="https://maven.apache.org/surefire/maven-surefire-plugin/xsd/surefire-test-report.xsd" name="testRunner.TestRunner" time="34.732" tests="24" errors="0" skipped="2" failures="2">
  <properties>
    <property name="java.runtime.name" value="Java(TM) SE Runtime Environment"/>
    <property name="sun.boot.library.path" value="C:\Program Files\Java\jdk1.8.0_73\jre\bin"/>
    <property name="java.vm.version" value="25.73-b02"/>
    <property name="java.vm.vendor" value="Oracle Corporation"/>
    <property name="maven.multiModuleProjectDirectory" value="D:\eclipse\${workspace_loc:\selenium-cucumber-framework}"/>
    <property name="java.vendor.url" value="http://java.oracle.com/"/>
    <property name="path.separator" value=";"/>
    <property name="guice.disable.misplaced.annotation.check" value="true"/>
    <property name="java.vm.name" value="Java HotSpot(TM) 64-Bit Server VM"/>
    <property name="file.encoding.pkg" value="sun.io"/>
    <property name="user.script" value=""/>
    <property name="user.country" value="IN"/>
    <property name="sun.java.launcher" value="SUN_STANDARD"/>
    <property name="sun.os.patch.level" value=""/>
    <property name="java.vm.specification.name" value="Java Virtual Machine Specification"/>
    <property name="user.dir" value="D:\SILICUS_FW\selenium-cucumber-framework-POM\selenium-cucumber-framework-POM"/>
    <property name="java.runtime.version" value="1.8.0_73-b02"/>
    <property name="java.awt.graphicsenv" value="sun.awt.Win32GraphicsEnvironment"/>
    <property name="java.endorsed.dirs" value="C:\Program Files\Java\jdk1.8.0_73\jre\lib\endorsed"/>
    <property name="os.arch" value="amd64"/>
    <property name="java.io.tmpdir" value="C:\Users\SPawar\AppData\Local\Temp\"/>
    <property name="line.separator" value="&#10;"/>
    <property name="java.vm.specification.vendor" value="Oracle Corporation"/>
    <property name="user.variant" value=""/>
    <property name="os.name" value="Windows 8.1"/>
    <property name="classworlds.conf" value="D:\ESL_Workspace\.metadata\.plugins\org.eclipse.m2e.launching\launches\m2conf1957921040615405894.tmp"/>
    <property name="sun.jnu.encoding" value="Cp1252"/>
    <property name="java.library.path" value="C:\Program Files\Java\jdk1.8.0_73\bin;C:\windows\Sun\Java\bin;C:\windows\system32;C:\windows;C:/Program Files/Java/jre1.8.0_111/bin/server;C:/Program Files/Java/jre1.8.0_111/bin;C:/Program Files/Java/jre1.8.0_111/lib/amd64;C:\ProgramData\Oracle\Java\javapath;C:\Program Files (x86)\Intel\iCLS Client\;C:\Program Files\Intel\iCLS Client\;C:\windows\system32;C:\windows;C:\windows\System32\Wbem;C:\windows\System32\WindowsPowerShell\v1.0\;C:\Program Files\Intel\Intel(R) Management Engine Components\DAL;C:\Program Files\Intel\Intel(R) Management Engine Components\IPT;C:\Program Files (x86)\Intel\Intel(R) Management Engine Components\DAL;C:\Program Files (x86)\Intel\Intel(R) Management Engine Components\IPT;C:\Program Files (x86)\Common Files\lenovo\easyplussdk\bin;C:\ProgramData\Lenovo\ReadyApps;D:\LampsPlus\Softwares\apache-maven-3.3.3\bin;D:\LampsPlus\Android\android-sdk-windows\tools;D:\LampsPlus\Android\android-sdk-windows\platform-tools;C:\Program Files (x86)\Microsoft SQL Server\110\Tools\Binn\;C:\Program Files\Microsoft SQL Server\110\Tools\Binn\;C:\Program Files\Microsoft SQL Server\110\DTS\Binn\;C:\Program Files (x86)\Microsoft SQL Server\110\Tools\Binn\ManagementStudio\;C:\Program Files (x86)\Microsoft SQL Server\110\DTS\Binn\;C:\Program Files (x86)\Skype\Phone\;C:\Python34\Lib;C:\Python34\Lib\site-packages;C:\Program Files\Java\jdk1.8.0_73\bin;C:\windows\system32\config\systemprofile\.dnx\bin;C:\Program Files\Microsoft DNX\Dnvm\;C:\Program Files (x86)\Windows Kits\8.1\Windows Performance Toolkit\;C:\Program Files\Microsoft SQL Server\120\Tools\Binn\;C:\Users\SPawar\Downloads\Songs\android-sdk-windows\tools;C:\Users\SPawar\Downloads\Songs\android-sdk-windows\platform-tools;C:\Users\SPawar\Downloads\Songs\android-sdk-windows\platforms;C:\Users\SPawar\git\test-automation_5Aug\lib\libs;;C:\Program Files (x86)\Microsoft VS Code\bin;D:\eclipse;;."/>
    <property name="java.specification.name" value="Java Platform API Specification"/>
    <property name="java.class.version" value="52.0"/>
    <property name="sun.management.compiler" value="HotSpot 64-Bit Tiered Compilers"/>
    <property name="os.version" value="6.3"/>
    <property name="user.home" value="C:\Users\SPawar"/>
    <property name="user.timezone" value="Asia/Calcutta"/>
    <property name="java.awt.printerjob" value="sun.awt.windows.WPrinterJob"/>
    <property name="java.specification.version" value="1.8"/>
    <property name="file.encoding" value="Cp1252"/>
    <property name="user.name" value="SPawar"/>
    <property name="java.class.path" value="/D:/eclipse/plugins/org.eclipse.m2e.maven.runtime_1.6.2.20150902-0001/jars/plexus-classworlds-2.5.2.jar"/>
    <property name="java.vm.specification.version" value="1.8"/>
    <property name="sun.arch.data.model" value="64"/>
    <property name="java.home" value="C:\Program Files\Java\jdk1.8.0_73\jre"/>
    <property name="sun.java.command" value="org.codehaus.plexus.classworlds.launcher.Launcher -B clean test site"/>
    <property name="java.specification.vendor" value="Oracle Corporation"/>
    <property name="user.language" value="en"/>
    <property name="awt.toolkit" value="sun.awt.windows.WToolkit"/>
    <property name="java.vm.info" value="mixed mode"/>
    <property name="java.version" value="1.8.0_73"/>
    <property name="java.ext.dirs" value="C:\Program Files\Java\jdk1.8.0_73\jre\lib\ext;C:\windows\Sun\Java\lib\ext"/>
    <property name="sun.boot.class.path" value="C:\Program Files\Java\jdk1.8.0_73\jre\lib\resources.jar;C:\Program Files\Java\jdk1.8.0_73\jre\lib\rt.jar;C:\Program Files\Java\jdk1.8.0_73\jre\lib\sunrsasign.jar;C:\Program Files\Java\jdk1.8.0_73\jre\lib\jsse.jar;C:\Program Files\Java\jdk1.8.0_73\jre\lib\jce.jar;C:\Program Files\Java\jdk1.8.0_73\jre\lib\charsets.jar;C:\Program Files\Java\jdk1.8.0_73\jre\lib\jfr.jar;C:\Program Files\Java\jdk1.8.0_73\jre\classes"/>
    <property name="java.vendor" value="Oracle Corporation"/>
    <property name="maven.home" value="D:\SILICUS_FW\selenium-cucumber-framework-POM\selenium-cucumber-framework-POM\EMBEDDED"/>
    <property name="file.separator" value="\"/>
    <property name="java.vendor.url.bug" value="http://bugreport.sun.com/bugreport/"/>
    <property name="sun.cpu.endian" value="little"/>
    <property name="sun.io.unicode.encoding" value="UnicodeLittle"/>
    <property name="sun.desktop" value="windows"/>
    <property name="sun.cpu.isalist" value="amd64"/>
  </properties>
  <testcase name="Given I go to Login Page" classname="| admin | admin |" time="0.001"/>
  <testcase name="When I login with &quot;admin&quot; &quot;admin&quot;" classname="| admin | admin |" time="0"/>
  <testcase name="Then I verify I am on dashboard" classname="| admin | admin |" time="0.002"/>
  <testcase name="When I LogOut" classname="| admin | admin |" time="0"/>
  <testcase name="Then I am on Login Page" classname="| admin | admin |" time="0"/>
  <testcase name="| admin | admin |" classname="| admin | admin |" time="0.032"/>
  <testcase name="Given I go to Login Page" classname="| linda.anderson | linda.anderson |" time="0"/>
  <testcase name="When I login with &quot;linda.anderson&quot; &quot;linda.anderson&quot;" classname="| linda.anderson | linda.anderson |" time="0"/>
  <testcase name="Then I verify I am on dashboard" classname="| linda.anderson | linda.anderson |" time="0"/>
  <testcase name="When I LogOut" classname="| linda.anderson | linda.anderson |" time="0"/>
  <testcase name="Then I am on Login Page" classname="| linda.anderson | linda.anderson |" time="0"/>
  <testcase name="| linda.anderson | linda.anderson |" classname="| linda.anderson | linda.anderson |" time="0.003"/>
  <testcase name="Given I go to Login Page" classname="| anthony.nolan | anthony.nolan |" time="0"/>
  <testcase name="When I login with &quot;anthony.nolan&quot; &quot;anthony.nolan&quot;" classname="| anthony.nolan | anthony.nolan |" time="0"/>
  <testcase name="Then I verify I am on dashboard" classname="| anthony.nolan | anthony.nolan |" time="0"/>
  <testcase name="When I LogOut" classname="| anthony.nolan | anthony.nolan |" time="0"/>
  <testcase name="Then I am on Login Page" classname="| anthony.nolan | anthony.nolan |" time="0"/>
  <testcase name="| anthony.nolan | anthony.nolan |" classname="| anthony.nolan | anthony.nolan |" time="0.001"/>
  <testcase name="Given I go to Login Page" classname="| peter.mac | peter.mac1 |" time="0"/>
  <testcase name="When I login with &quot;peter.mac&quot; &quot;peter.mac1&quot;" classname="| peter.mac | peter.mac1 |" time="0"/>
  <testcase name="Then I verify I am on dashboard" classname="| peter.mac | peter.mac1 |" time="0.008">
    <failure message="User is not on dashboard" type="java.lang.AssertionError">java.lang.AssertionError: User is not on dashboard
</failure>
  </testcase>
  <testcase name="| peter.mac | peter.mac1 |" classname="| peter.mac | peter.mac1 |" time="0.008">
    <failure message="User is not on dashboard" type="java.lang.AssertionError">java.lang.AssertionError: User is not on dashboard
</failure>
  </testcase>
  <testcase name="When I LogOut" classname="| peter.mac | peter.mac1 |" time="0">
    <skipped/>
  </testcase>
  <testcase name="Then I am on Login Page" classname="| peter.mac | peter.mac1 |" time="0">
    <skipped/>
  </testcase>
</testsuite>