<?xml version="1.0" encoding="UTF-8"?><testsuite failures="0" name="cucumber.runtime.formatter.JUnitFormatter" skipped="0" tests="1" time="13.884693">
<testcase classname="LogIn test script" name="Test Login with valid credentials" time="13.884693">
<system-out><![CDATA[Given I go to Login Page....................................................passed
When I login with "admin" "admin"...........................................passed
Then I verify I am on dashboard.............................................passed
When I LogOut...............................................................passed
Then I am on Login Page.....................................................passed
]]></system-out>
</testcase>
</testsuite>
